[debug] [2024-12-18T10:32:47.276Z] ----------------------------------------------------------------------
[debug] [2024-12-18T10:32:47.281Z] Command:       /usr/local/bin/node /Users/harsh/.npm-global/bin/firebase init
[debug] [2024-12-18T10:32:47.281Z] CLI Version:   13.28.0
[debug] [2024-12-18T10:32:47.281Z] Platform:      darwin
[debug] [2024-12-18T10:32:47.281Z] Node Version:  v22.12.0
[debug] [2024-12-18T10:32:47.282Z] Time:          Wed Dec 18 2024 16:02:47 GMT+0530 (India Standard Time)
[debug] [2024-12-18T10:32:47.282Z] ----------------------------------------------------------------------
[debug] 
[debug] [2024-12-18T10:32:47.374Z] > command requires scopes: ["email","openid","https://www.googleapis.com/auth/cloudplatformprojects.readonly","https://www.googleapis.com/auth/firebase","https://www.googleapis.com/auth/cloud-platform"]
[debug] [2024-12-18T10:32:47.375Z] > authorizing via signed-in user (harsha@nagu.co)
[info] 
     ######## #### ########  ######## ########     ###     ######  ########
     ##        ##  ##     ## ##       ##     ##  ##   ##  ##       ##
     ######    ##  ########  ######   ########  #########  ######  ######
     ##        ##  ##    ##  ##       ##     ## ##     ##       ## ##
     ##       #### ##     ## ######## ########  ##     ##  ######  ########

You're about to initialize a Firebase project in this directory:

  /Users/harsh/Desktop/todo-app

Before we get started, keep in mind:

  * You are initializing within an existing Firebase project directory

[info] 
=== Project Setup
[info] 
[info] First, let's associate this project directory with a Firebase project.
[info] You can create multiple project aliases by running firebase use --add, 
[info] but for now we'll just set up a default project.
[info] 
[debug] [2024-12-18T10:32:54.715Z] Using project from CLI flag: todo-app-6c87f
[debug] [2024-12-18T10:32:54.716Z] Checked if tokens are valid: false, expires at: 1734443826139
[debug] [2024-12-18T10:32:54.716Z] Checked if tokens are valid: false, expires at: 1734443826139
[debug] [2024-12-18T10:32:54.717Z] > refreshing access token with scopes: []
[debug] [2024-12-18T10:32:54.719Z] >>> [apiv2][query] POST https://www.googleapis.com/oauth2/v3/token [none]
[debug] [2024-12-18T10:32:54.720Z] >>> [apiv2][body] POST https://www.googleapis.com/oauth2/v3/token [omitted]
[debug] [2024-12-18T10:32:55.033Z] <<< [apiv2][status] POST https://www.googleapis.com/oauth2/v3/token 400
[debug] [2024-12-18T10:32:55.033Z] <<< [apiv2][body] POST https://www.googleapis.com/oauth2/v3/token [omitted]
[error] Authentication Error: Your credentials are no longer valid. Please run firebase login --reauth

For CI servers and headless environments, generate a new token with firebase login:ci
[error] Authentication Error: Your credentials are no longer valid. Please run firebase login --reauth

For CI servers and headless environments, generate a new token with firebase login:ci
[debug] [2024-12-18T10:32:55.034Z] Authentication Error: Your credentials are no longer valid. Please run firebase login --reauth

For CI servers and headless environments, generate a new token with firebase login:ci
[debug] [2024-12-18T10:32:55.151Z] FirebaseError: Authentication Error: Your credentials are no longer valid. Please run firebase login --reauth

For CI servers and headless environments, generate a new token with firebase login:ci
    at invalidCredentialError (/Users/harsh/.npm-global/lib/node_modules/firebase-tools/lib/auth.js:147:12)
    at refreshTokens (/Users/harsh/.npm-global/lib/node_modules/firebase-tools/lib/auth.js:539:15)
    at process.processTicksAndRejections (node:internal/process/task_queues:105:5)
    at async getAccessToken (/Users/harsh/.npm-global/lib/node_modules/firebase-tools/lib/apiv2.js:42:18)
    at async Client.addAuthHeader (/Users/harsh/.npm-global/lib/node_modules/firebase-tools/lib/apiv2.js:169:21)
    at async Client.request (/Users/harsh/.npm-global/lib/node_modules/firebase-tools/lib/apiv2.js:120:34)
    at async getFirebaseProject (/Users/harsh/.npm-global/lib/node_modules/firebase-tools/lib/management/projects.js:300:21)
    at async doSetup (/Users/harsh/.npm-global/lib/node_modules/firebase-tools/lib/init/features/project.js:86:27)
    at async init (/Users/harsh/.npm-global/lib/node_modules/firebase-tools/lib/init/index.js:41:9)
[error] 
[error] Error: Failed to get Firebase project todo-app-6c87f. Please make sure the project exists and your account has permission to access it.
